2017/01/12 11:44:58: ahgamepieces: AncientRecs 8
2017/01/12 11:44:58: ahgamepieces: BackStoryRecs 16
2017/01/12 11:44:58: ahgamepieces: DistrictRecs 9
2017/01/12 11:44:58: ahgamepieces: EncounterRecs 636
2017/01/12 11:44:58: ahgamepieces: GateRecs 8
2017/01/12 11:44:58: ahgamepieces: ICardRecs 257
2017/01/12 11:44:58: ahgamepieces: InvestigatorRecs 16
2017/01/12 11:44:58: ahgamepieces: FixedPossessionRecs 11
2017/01/12 11:44:58: ahgamepieces: LocationRecs 47
2017/01/12 11:44:58: ahgamepieces: MapPlaceRecs 47
2017/01/12 11:44:58: ahgamepieces: MonsterRecs 35
2017/01/12 11:44:58: ahgamepieces: MythosRecs 103
2017/01/12 11:44:58: ahgamepieces: OtherWorldRecs 366
2017/01/12 11:44:58: ahgamepieces: PictureNoRecs 59
2017/01/12 11:44:58: ahgamepieces: PlaceRecs 27
2017/01/12 11:44:58: ahgamepieces: RoadRecs 78
2017/01/12 11:44:58: ahgamepieces: SetupICardDecks
2017/01/12 11:44:58: ahgamepieces: SetupOtherWorldDecks
2017/01/12 11:44:58: ahgamepieces: SetupEncounterCounts
2017/01/12 11:44:58: ahgamepieces: SetupGateDeck
2017/01/12 11:44:58: ahgamepieces: SetupMonsterDeck
