2018/11/30 07:37:34: ahgamepieces: AncientRecs 8
2018/11/30 07:37:34: ahgamepieces: BackStoryRecs 16
2018/11/30 07:37:34: ahgamepieces: DistrictRecs 9
2018/11/30 07:37:34: ahgamepieces: EncounterRecs 636
2018/11/30 07:37:34: ahgamepieces: GateRecs 8
2018/11/30 07:37:34: ahgamepieces: ICardRecs 257
2018/11/30 07:37:34: ahgamepieces: InvestigatorRecs 16
2018/11/30 07:37:34: ahgamepieces: FixedPossessionRecs 11
2018/11/30 07:37:34: ahgamepieces: LocationRecs 47
2018/11/30 07:37:34: ahgamepieces: MapPlaceRecs 47
2018/11/30 07:37:34: ahgamepieces: MonsterRecs 35
2018/11/30 07:37:34: ahgamepieces: MythosRecs 103
2018/11/30 07:37:34: ahgamepieces: OtherWorldRecs 366
2018/11/30 07:37:34: ahgamepieces: PictureNoRecs 59
2018/11/30 07:37:34: ahgamepieces: PlaceRecs 27
2018/11/30 07:37:34: ahgamepieces: RoadRecs 78
2018/11/30 07:37:34: ahgamepieces: SetupICardDecks
2018/11/30 07:37:34: ahgamepieces: SetupOtherWorldDecks
2018/11/30 07:37:34: ahgamepieces: SetupEncounterCounts
2018/11/30 07:37:34: ahgamepieces: SetupGateDeck
2018/11/30 07:37:34: ahgamepieces: SetupMonsterDeck
