2018/11/29 20:39:31: ahgamepieces: AncientRecs 8
2018/11/29 20:39:31: ahgamepieces: BackStoryRecs 16
2018/11/29 20:39:31: ahgamepieces: DistrictRecs 9
2018/11/29 20:39:31: ahgamepieces: EncounterRecs 636
2018/11/29 20:39:31: ahgamepieces: GateRecs 8
2018/11/29 20:39:31: ahgamepieces: ICardRecs 257
2018/11/29 20:39:31: ahgamepieces: InvestigatorRecs 16
2018/11/29 20:39:31: ahgamepieces: FixedPossessionRecs 11
2018/11/29 20:39:31: ahgamepieces: LocationRecs 47
2018/11/29 20:39:31: ahgamepieces: MapPlaceRecs 47
2018/11/29 20:39:31: ahgamepieces: MonsterRecs 35
2018/11/29 20:39:31: ahgamepieces: MythosRecs 103
2018/11/29 20:39:31: ahgamepieces: OtherWorldRecs 366
2018/11/29 20:39:31: ahgamepieces: PictureNoRecs 59
2018/11/29 20:39:31: ahgamepieces: PlaceRecs 27
2018/11/29 20:39:31: ahgamepieces: RoadRecs 78
2018/11/29 20:39:31: ahgamepieces: SetupICardDecks
2018/11/29 20:39:31: ahgamepieces: SetupOtherWorldDecks
2018/11/29 20:39:31: ahgamepieces: SetupEncounterCounts
2018/11/29 20:39:31: ahgamepieces: SetupGateDeck
2018/11/29 20:39:31: ahgamepieces: SetupMonsterDeck
